974877310
105384876
155235180
406065466
130061617
206290354
524832905
735297429
904945880
452075668
797110688
746667044
43668931
659801540
339734010
392519945
533997037
218211210
218873015
211254921
665700218
852110733
477987439
676118603
258435281
250409933
16311295
987456360
572832993
595703342
967032825
739427040
760465254
444316648
680487343
9258216
199867803
202256315
857404246
696195850
640869875
535767938
705888313
866914945
75885000
763541433
68912157
284496195
206196286
215999965
106393923
427251230
436189721
873731266
489280024
301474060
179668041
754590202
721983745
525201745
531895524
248024198
155660181
851580341
613333534
227582912
828429024
345644751
454566949
584687687
374114167
838010584
473502309
340520219
972651181
267264855
821227424
591460039
499739430
729940520
299701665
782257158
367229862
506226441
37632754
519410406
679881495
185468580
873156539
345302907
534498851
240239810
217361298
734510134
856303849
31251945
833113957
455169637
110499235
760894240
754858819
190089244
282375257
161579899
957815928
825625355
668373874
46416525
719226715
232931879
251453529
45679879
114514590
706091745
550561362
762426184
289369114
89102674
389779712
864730490
241021716
980587868
487584087
492294083
705634420
791165289
681391930
644183817
546334420
581190367
139195817
885003691
258133506
308622499
809455695
747219658
256538729
815702062
57481130
807281081
654233470
776096936
378131018
653854563
932874695
578385036
567134272
787894158
899921801
700710642
632946240
864532686
980817396
13566028
969111122
932651000
254125057
736612148
101525327
955712524
405098534
222581814
990224486
966903202
989561663
451700736
201180659
83407926
177529778
171260383
574450932
244700694
734131970
641774659
693642249
890115439
534904544
662059837
896323258
616829155
530288108
201426789
47426745
532032272
388343896
866024588
371611779
459223765
929845948
42397599
319157168
670185971
223425719
75283369
981941126
367153989
144206677
953477979
453613364
318736338
668448193
68595713
845985739
956198060
233480299
704296768
337386505
106953704
750965738
384998963
102498805
796278939
142065815
316522853
701614620
831120277
73209429
982493931
272927826
69045020
338058188
912420271
947037808
405682878
812668248
563883035
918750173
615151860
328323237
900882245
306169963
984293264
725005063
975260569
521722874
423818667
662884598
702926507
141087120
386458916
514966110
652769702
412357286
957744623
82012379
502086947
842052779
712347015
658603205
45266857
281584386
741092171
360174883
858056296
977357311
887556585
770974364
343826048
438302348
190186142
752552107
472847705
355137354
712261993
993044424
534051535
499922343
882485536
811488115
988843848
859796065
299093326
442688121
889655082
617166987
597124708
384428557
517349054
74792138
517498881
44528544
589977938
476030066
759422187
719375990
496445230
766743174
590436453
788430506
897997836
126536130
280575819
992097751
408357574
967248313
428841147
502704996
98423352
363476648
811858025
697072206
219595427
908635428
863754746
706308966
933964659
466774023
330164651
791727490
575142819
767742756
93156343
22054049
587265008
649685049
923735486
533965784
906590534
37204477
765336180
983375276
942460059
974630333
586064522
183904462
535475511
902714984
928214101
664906062
994088207
989867456
820763474
762303563
727669553
360108736
867611276
382021355
956296193
733809871
458531380
649060008
873993088
733591704
692420710
790001603
323172640
885603471
812494641
327051922
304266058
649024345
501329305
97731400
525169534
388690971
703146965
731443893
748985835
451321279
109896167
324853212
43322877
597479467
176823698
983585307
80339507
824311686
492436688
523554587
915529975
301530292
146888279
212782125
543099250
957015030
612051126
884280090
111764177
688446873
398009116
37156175
987518628
679603667
787469635
870715921
486213912
503054580
148876814
329943959
229672987
568445525
935776209
92440153
785762376
858741186
882668368
276569048
159516891
956363020
809156368
656474274
34092327
759605695
347961952
786405475
179413631
755186841
258659847
386736669
198364720
66132903
656564590
129890287
985979100
744166113
794252902
24350971
375286334
778434737
782104426
507539910
500809945
191035819
970187249
912428099
473557522
118143877
543030125
299202805
35745465
632312584
503358196
593041690
680045956
864308600
288471813
100634310
700459115
589627456
151841802
77724091
294286866
350556405
404144777
502201921
290084517
63749015
768473290
984625456
579804963
445507267
890598958
346033387
178133577
30378346
348247650
261304123
491672870
22942834
667246214
614506713
697060027
229200782
376297
414389325
253221932
49623906
431843644
672824604
208957881
613904184
86681916
693568660
250171024
796014236
285005515
812735917
104369152
234324752
262772718
102310246
789130428
401876875
336284381
300287629
173179315
135783910
75964452
654219891
362979719
486157180
280435404
927291906
241633500
608059664
120333292
490444018
509416621
445480280
763682127
909230207
336348969
146721298
626941649
648945307
676709222
48335082
945386933
915952765
293220449
578120588
449172761
733232314
748115506
277250479
956343679
141934324
244406958
649824596
550518323
441023783
716371753
804321299
346449010
848516953
477763130
648661830
338309185
817039187
877414854
677919326
53054308
956211593
262067436
132650503
125846753
850364535
580278404
564924124
131686612
527670794
133301989
468122633
226502382
979823259
325343294
29457209
64153048
95082310
450280821
55797603
455232991
768347165
29282699
814082711
737045835
189191314
856730134
711362999
605061907
694486101
652542276
563664847
117236639
965764449
416744029
372046941
689166820
442982124
218886296
370244871
132046978
714011924
578367768
549633884
964792727
621578064
822820990
454198618
501500351
4654263
832097871
237478744
680804263
342609840
119391992
397938489
957850892
101601400
784275797
623839196
927741077
691687508
813250708
946251789
889600409
727217198
369353576
395499701
633244145
462883760
669994245
185533670
418210354
405970251
962570713
614833268
671718064
628221931
937389095
851239012
722461257
776462122
481276057
128285260
220248126
110845914
580238382
156662890
892330153
720168369
91572220
191106832
270263497
477011899
561086216
676800938
828990876
840584765
786786835
562821225
275343596
485031567
914114830
234436491
318120116
556591027
259878599
443562945
944755251
545766938
470084134
356401415
181990837
965237284
285736046
739463288
15622354
837225661
344954195
490890977
398016592
141572834
350342435
243302889
763375470
269200327
485448480
