314390381
367056733
152454735
380034234
973472629
741724757
295987908
885707852
664412138
863916903
787576165
651531428
767438364
29230628
37401327
880817630
862900891
159046243
427627208
916216545
225275618
391684143
564878865
767523587
3152576
567245619
887810033
912330999
495898987
745857458
393282078
614059708
555308333
124077711
768609453
760609699
214432440
982856137
195778711
259782524
16751013
7341726
124022508
920619660
323348865
543876128
686647647
352121811
601342551
561085798
984267255
764334502
853903090
851133860
270771965
353778111
330892954
592600822
717035496
954524208
1502917
962432727
754329177
431542772
266771542
15881013
677506555
624871158
893620543
701396042
956694923
216124781
826362984
857561201
632941783
587037439
708421012
936625395
309944685
830583495
734844086
443677504
452747931
493199815
310092905
306205999
137488440
657059467
135259592
521623032
866733854
216575533
559674827
697834051
447965351
289299074
828129298
106585879
888978522
461614673
351108361
165306236
164409984
629951678
262176464
258121448
604513001
728789544
455782878
337837161
116788242
991210641
571733366
702540603
819287805
759838409
298484649
953302520
364501807
897285457
906305310
903892329
284786809
784533456
495499019
54641793
508862587
954684985
848456715
261731348
107153273
719249019
634186806
438350848
244181702
142654232
864431665
680705191
619353755
581208435
490643292
653410766
309367679
59995037
503434179
420005750
831269436
612587177
870808895
83551797
425183272
950741932
1919931
505181027
328579345
17129447
187420314
873150578
593581586
828500212
273659505
393623523
564213790
94972238
526400187
755094573
644760257
6923437
870598226
78250774
797219843
712191122
136798282
212014322
650029613
787155396
115509291
399677078
815535638
986809905
169571580
483425022
757283432
751438796
947500975
214565668
101503464
135922718
641359894
907352218
832439351
24861058
498400573
510911027
200344072
710682389
306322562
807272915
884327434
166027130
769321893
519189506
311877756
144805299
632428039
523160126
479521610
746806650
479315347
804948454
443251193
665390611
226590474
338747993
195741355
529372649
63793192
393895009
360276499
118706536
243942352
167596308
526360311
308225977
361935439
934780813
92523457
615026931
923188952
144032115
359420898
446720285
82520163
903120349
647862791
971001405
295615010
237416772
882596405
489031657
512888506
992747195
768047188
196090752
44358141
645354791
602448029
936416638
482658098
333402540
625693961
563679419
817170404
84285206
236624004
190572449
604482043
318690609
346396436
390530242
417345904
622185932
1632696
694495306
693757654
99268956
994212826
936043587
13817862
717432721
462996536
247272942
140445345
27653776
753526520
841117691
268095798
720842587
521090912
20133760
53336860
117138880
153588525
195106202
114746318
325955692
949956567
603625099
594640131
973268481
901704369
173600908
437026649
279021328
755241081
960847109
212379826
22284491
555726395
547978782
897509101
182033941
216503929
101182181
322714373
572071225
165909338
250521268
112820261
692854363
21672019
771565699
435909729
418422815
990174609
6265948
537504976
38267916
884632113
412916554
166077358
207795270
308331878
239833764
419113151
726283818
828647354
843347287
119408187
977385885
736233523
369113188
496247391
344060327
957426253
153474453
148825532
45593414
170411072
808169760
26484972
357092006
376651713
388970344
239697985
42691785
376083759
79729477
262742251
692410648
825986964
843620337
851207692
914713835
825329216
253401788
45886697
919210930
807815629
880868891
965171547
806597592
955350199
461292665
575746163
36511182
741477053
751716949
551969355
446715231
243080062
400746807
951665560
762059535
596349544
499672279
692400534
217474131
580400951
71846254
67831011
8177496
147170831
255599895
396891183
221013078
94100634
869102987
304789659
138451576
525425652
889829281
864210631
659887783
304843517
853271202
202762015
208027836
283498118
268519566
539422552
688189049
388309493
345081359
223904082
216884763
150156543
640549721
288469525
172433324
19769614
416388232
692949031
220962045
590660683
752108686
598616195
416407043
216528382
934984604
202084809
559532531
52735400
46987128
22546730
987260237
38711681
150351666
558776860
996408108
865588548
668598307
449195706
963562338
972983139
533504507
252567688
159258676
383942764
372380826
166547474
455357152
532853417
239768883
893432031
573517399
795425606
797299172
781608510
672959314
835859004
908515527
502626998
444454509
368166235
736649538
257417930
946265550
406582606
892432163
820602239
950823752
557976271
477759601
423299911
193128681
602955079
992877552
172303278
571960331
571924849
763581532
985836618
980745748
560646322
372467767
654146191
715665245
504046628
463640689
90237221
338337164
935275497
810733476
953587723
966172572
142309581
422993896
755040870
32463330
133259017
348688992
924641935
533612194
527061828
696911520
871151215
64601622
904430595
293655516
16921722
820373941
133162852
773835221
415065021
121011691
141057891
21356052
264988702
146539605
187789415
869974955
921646165
779538243
673492836
965799351
821959374
917160232
869157542
354621291
340815844
818827219
771248612
274799625
144830412
853611110
475244377
552030990
373080867
913249269
459077511
229908921
574674004
851340646
996615595
16041451
453609861
660424798
896458610
760843891
829120193
248563836
893956799
320252334
202094826
356310778
55247189
304110111
376052934
111954693
782767454
687733905
883555658
266531433
730600533
360276827
37198146
743369092
915256984
501810194
306614692
205651253
254715270
309853022
270011901
368539653
365217044
376790054
343171668
266837367
527923513
439406461
499221338
962716427
744707500
133727291
988155884
752368717
273681426
245445048
580043626
129340176
867837564
391189509
988788913
516988148
614576730
812349388
178664549
724715562
367579079
155745653
927562480
677928152
460167785
421887935
812787090
660266194
533771410
314836139
159353423
769001041
902624963
486332426
448847417
923656295
533794074
610106798
5821313
496269934
544559932
728236186
251230202
63312686
712831098
32045237
641025592
440212073
62864555
11668518
360957280
335410552
228215901
427546233
953781572
527040424
967724360
279586453
530871193
997796281
518368487
164982705
732596883
364310334
25182932
756345448
431877996
285560114
102877814
751718839
390167839
27458584
528657618
202482821
193841394
877065418
478288719
