89418
116986
100645
154048
158325
103960
121437
138274
88994
136249
146943
165510
149857
135210
118734
55720
100548
109175
77803
98299
137611
87551
72702
59096
73978
73990
74999
76563
142091
102204
115791
115750
126045
110171
83484
108761
110549
138674
79265
105494
75261
96892
113164
149001
123149
136057
139221
56547
88045
141230
135133
131442
164996
151500
141803
151683
163938
92647
72649
126159
112899
79826
118031
114199
137930
88585
77841
159119
159964
75361
147824
104150
72382
67380
74400
76791
153859
135708
142767
147184
114428
97090
111958
139485
62036
82738
160919
122821
75339
163378
94680
158335
100242
123613
93478
159719
67991
0
0
0
